<?xml version="1.0" encoding="UTF-8"?>
<testsuite xmlns:xsi="http://www.w3.org/2001/XMLSchema-instance" xsi:noNamespaceSchemaLocation="https://maven.apache.org/surefire/maven-surefire-plugin/xsd/surefire-test-report.xsd" name="com.example.ExpenseTrackerTest" time="0.108" tests="11" errors="0" skipped="0" failures="0">
  <properties>
[...]
</properties>
  <testcase name="testFilterTransactionsByCategory" classname="com.example.ExpenseTrackerTest" time="0.021"/>
  <testcase name="testSaveTransaction_NewUser" classname="com.example.ExpenseTrackerTest" time="0.012"/>
  <testcase name="testLoadTransactions_ExistingUser" classname="com.example.ExpenseTrackerTest" time="0.004"/>
  <testcase name="testLoadAllUsers" classname="com.example.ExpenseTrackerTest" time="0.004"/>
  <testcase name="testAddExpense" classname="com.example.ExpenseTrackerTest" time="0.002"/>
  <testcase name="testShowTotalByCategory" classname="com.example.ExpenseTrackerTest" time="0.002"/>
  <testcase name="testGenerateMonthlyReport" classname="com.example.ExpenseTrackerTest" time="0.013"/>
  <testcase name="testDisplayAllTransactions" classname="com.example.ExpenseTrackerTest" time="0.002"/>
  <testcase name="testAddIncome" classname="com.example.ExpenseTrackerTest" time="0.027"/>
  <testcase name="testLoadTransactions_NonExistentUser" classname="com.example.ExpenseTrackerTest" time="0.009"/>
  <testcase name="testParseJsonFile_ValidArray" classname="com.example.ExpenseTrackerTest" time="0.001"/>
</testsuite>