<?xml version="1.0" encoding="UTF-8"?>
<testsuite xmlns:xsi="http://www.w3.org/2001/XMLSchema-instance" xsi:noNamespaceSchemaLocation="https://maven.apache.org/surefire/maven-surefire-plugin/xsd/surefire-test-report.xsd" name="com.example.ExpenseTrackerTest" time="0.047" tests="11" errors="1" skipped="0" failures="1">
  <properties>
[...]
</properties>
  <testcase name="testFilterTransactionsByCategory" classname="com.example.ExpenseTrackerTest" time="0.016"/>
  <testcase name="testSaveTransaction_NewUser" classname="com.example.ExpenseTrackerTest" time="0.013">
    <failure message="Only one user should exist in the file. ==&gt; expected: &lt;1&gt; but was: &lt;0&gt;" type="org.opentest4j.AssertionFailedError"><![CDATA[org.opentest4j.AssertionFailedError: Only one user should exist in the file. ==> expected: <1> but was: <0>
	at com.example.ExpenseTrackerTest.testSaveTransaction_NewUser(ExpenseTrackerTest.java:156)
]]></failure>
    <system-out><![CDATA[Data to be saved for userId user1: [{"user_id":"user1","transactions":[{"date":"2023-10-27","amount":100.0,"category":"Groceries","type":"Expense"}]}]
User data saved successfully.
]]></system-out>
  </testcase>
  <testcase name="testLoadTransactions_ExistingUser" classname="com.example.ExpenseTrackerTest" time="0.002">
    <error message="class java.lang.String cannot be cast to class java.time.LocalDate (java.lang.String and java.time.LocalDate are in module java.base of loader &apos;bootstrap&apos;)" type="java.lang.ClassCastException">java.lang.ClassCastException: class java.lang.String cannot be cast to class java.time.LocalDate (java.lang.String and java.time.LocalDate are in module java.base of loader 'bootstrap')
	at com.example.ExpenseTrackerTest.testLoadTransactions_ExistingUser(ExpenseTrackerTest.java:177)
</error>
    <system-out><![CDATA[Data to be saved for userId user1: [{"user_id":"user1","transactions":[{"date":"2023-10-27","amount":100.0,"category":"Groceries","type":"Expense"}]}]
User data saved successfully.
]]></system-out>
  </testcase>
  <testcase name="testLoadAllUsers" classname="com.example.ExpenseTrackerTest" time="0.001"/>
  <testcase name="testAddExpense" classname="com.example.ExpenseTrackerTest" time="0"/>
  <testcase name="testShowTotalByCategory" classname="com.example.ExpenseTrackerTest" time="0"/>
  <testcase name="testGenerateMonthlyReport" classname="com.example.ExpenseTrackerTest" time="0.002"/>
  <testcase name="testDisplayAllTransactions" classname="com.example.ExpenseTrackerTest" time="0"/>
  <testcase name="testAddIncome" classname="com.example.ExpenseTrackerTest" time="0"/>
  <testcase name="testLoadTransactions_NonExistentUser" classname="com.example.ExpenseTrackerTest" time="0.001"/>
  <testcase name="testParseJsonFile_ValidArray" classname="com.example.ExpenseTrackerTest" time="0.001"/>
</testsuite>